<?xml version="1.0" encoding="UTF-8"?>
<testsuite xmlns:xsi="http://www.w3.org/2001/XMLSchema-instance" xsi:noNamespaceSchemaLocation="https://maven.apache.org/surefire/maven-surefire-plugin/xsd/surefire-test-report-3.0.xsd" version="3.0" name="pl.meklas.enhance.util.RandomProviderTest" time="0.069" tests="10" errors="0" skipped="0" failures="0">
  <properties>
[...]
</properties>
  <testcase name="testNextIntRangeInvalid" classname="pl.meklas.enhance.util.RandomProviderTest" time="0.015"/>
  <testcase name="testSingleton" classname="pl.meklas.enhance.util.RandomProviderTest" time="0.001"/>
  <testcase name="testNextDoubleRange" classname="pl.meklas.enhance.util.RandomProviderTest" time="0.003"/>
  <testcase name="testRollSuccessAlwaysFalse" classname="pl.meklas.enhance.util.RandomProviderTest" time="0.0"/>
  <testcase name="testRollSuccessDistribution" classname="pl.meklas.enhance.util.RandomProviderTest" time="0.017"/>
  <testcase name="testNextIntRange" classname="pl.meklas.enhance.util.RandomProviderTest" time="0.001"/>
  <testcase name="testRollSuccessAlwaysTrue" classname="pl.meklas.enhance.util.RandomProviderTest" time="0.001"/>
  <testcase name="testNextInt" classname="pl.meklas.enhance.util.RandomProviderTest" time="0.001"/>
  <testcase name="testNextIntRangeEqual" classname="pl.meklas.enhance.util.RandomProviderTest" time="0.001"/>
  <testcase name="testNextDouble" classname="pl.meklas.enhance.util.RandomProviderTest" time="0.002"/>
</testsuite>