<?xml version="1.0" encoding="UTF-8"?>
<testsuite xmlns:xsi="http://www.w3.org/2001/XMLSchema-instance" xsi:noNamespaceSchemaLocation="https://maven.apache.org/surefire/maven-failsafe-plugin/xsd/failsafe-test-report-3.0.xsd" version="3.0" name="pl.meklas.enhance.integration.SimpleIntegrationIT" time="0.032" tests="8" errors="0" skipped="0" failures="0">
  <properties>
[...]
</properties>
  <testcase name="testFullGameScenario" classname="pl.meklas.enhance.integration.SimpleIntegrationIT" time="0.0"/>
  <testcase name="testCompleteEnhancementWorkflow" classname="pl.meklas.enhance.integration.SimpleIntegrationIT" time="0.011"/>
  <testcase name="testPathTypeEdgeCases" classname="pl.meklas.enhance.integration.SimpleIntegrationIT" time="0.001"/>
  <testcase name="testRandomProviderBoundaryValues" classname="pl.meklas.enhance.integration.SimpleIntegrationIT" time="0.002"/>
  <testcase name="testRandomProviderConsistency" classname="pl.meklas.enhance.integration.SimpleIntegrationIT" time="0.012"/>
  <testcase name="testMaterialValidation" classname="pl.meklas.enhance.integration.SimpleIntegrationIT" time="0.002"/>
  <testcase name="testEnhancementDataEquality" classname="pl.meklas.enhance.integration.SimpleIntegrationIT" time="0.0"/>
  <testcase name="testAllPathsIntegration" classname="pl.meklas.enhance.integration.SimpleIntegrationIT" time="0.001"/>
</testsuite>